batch_i 5 loss 4.072622299194336
batch_i 6 loss 2.6258528232574463
batch_i 7 loss 2.3312642574310303
batch_i 8 loss 2.241962194442749
batch_i 9 loss 2.2462007999420166
batch_i 10 loss 2.402888536453247
batch_i 11 loss 2.2968006134033203
batch_i 12 loss 2.3869261741638184
batch_i 13 loss 2.4034481048583984
batch_i 14 loss 2.4649715423583984
batch_i 15 loss 2.397268295288086
batch_i 16 loss 2.4583020210266113
batch_i 17 loss 2.507174253463745
batch_i 18 loss 2.517345428466797
batch_i 19 loss 2.4778311252593994
batch_i 20 loss 2.5894572734832764
batch_i 21 loss 2.605299949645996
batch_i 22 loss 2.438349485397339
batch_i 23 loss 2.445091485977173
batch_i 24 loss 2.4189000129699707
batch_i 25 loss 2.535433769226074
batch_i 26 loss 2.593425989151001
batch_i 27 loss 2.4953389167785645
batch_i 28 loss 2.5483338832855225
batch_i 29 loss 2.680116891860962
batch_i 30 loss 2.5893445014953613
batch_i 31 loss 2.480334997177124
batch_i 32 loss 2.530965805053711
batch_i 33 loss 2.4271717071533203
batch_i 34 loss 2.5008180141448975
batch_i 35 loss 2.5098214149475098
batch_i 36 loss 2.604815721511841
batch_i 37 loss 2.4930787086486816
batch_i 38 loss 2.589423179626465
batch_i 39 loss 2.5178675651550293
batch_i 40 loss 2.50722074508667
batch_i 41 loss 2.453692674636841
batch_i 42 loss 2.3541159629821777
batch_i 43 loss 2.4408223628997803
batch_i 44 loss 2.5521974563598633
batch_i 45 loss 2.5406503677368164
batch_i 46 loss 2.477313995361328
batch_i 47 loss 2.435011386871338
batch_i 48 loss 2.5058395862579346
batch_i 49 loss 2.4081270694732666
batch_i 50 loss 2.4514009952545166
batch_i 50 num_playouts 1000 win 8 lose 2 tie 0
batch_i 51 loss 2.4407567977905273
batch_i 52 loss 2.4595460891723633
batch_i 53 loss 2.476895809173584
batch_i 54 loss 2.4644763469696045
batch_i 55 loss 2.389923334121704
batch_i 56 loss 2.5011637210845947
batch_i 57 loss 2.4567110538482666
batch_i 58 loss 2.539498805999756
batch_i 59 loss 2.469521999359131
batch_i 60 loss 2.547823429107666
batch_i 61 loss 2.5324084758758545
batch_i 62 loss 2.4662528038024902
batch_i 63 loss 2.391725778579712
batch_i 64 loss 2.5129542350769043
batch_i 65 loss 2.3920669555664062
batch_i 66 loss 2.485243320465088
batch_i 67 loss 2.3369975090026855
batch_i 68 loss 2.5476834774017334
batch_i 69 loss 2.44224214553833
batch_i 70 loss 2.548273801803589
batch_i 71 loss 2.4240317344665527
batch_i 72 loss 2.5216968059539795
batch_i 73 loss 2.5156450271606445
batch_i 74 loss 2.508355140686035
batch_i 75 loss 2.6146998405456543
batch_i 76 loss 2.5714123249053955
batch_i 77 loss 2.5610525608062744
batch_i 78 loss 2.6057965755462646
batch_i 79 loss 2.518095016479492
batch_i 80 loss 2.5389153957366943
batch_i 81 loss 2.6867449283599854
batch_i 82 loss 2.596055507659912
batch_i 83 loss 2.577442169189453
batch_i 84 loss 2.657101631164551
batch_i 85 loss 2.59224271774292
batch_i 86 loss 2.6555988788604736
batch_i 87 loss 2.6539523601531982
batch_i 88 loss 2.8111352920532227
batch_i 89 loss 2.6370601654052734
batch_i 90 loss 2.6329829692840576
batch_i 91 loss 2.575240135192871
batch_i 92 loss 2.6691770553588867
batch_i 93 loss 2.6038095951080322
batch_i 94 loss 2.647122383117676
batch_i 95 loss 2.518237829208374
batch_i 96 loss 2.63920521736145
batch_i 97 loss 2.6676154136657715
batch_i 98 loss 2.538048267364502
batch_i 99 loss 2.603816032409668
batch_i 100 loss 2.573960065841675
batch_i 100 num_playouts 1000 win 9 lose 1 tie 0
batch_i 101 loss 2.5872364044189453
batch_i 102 loss 2.648125648498535
batch_i 103 loss 2.7177608013153076
batch_i 104 loss 2.650418996810913
batch_i 105 loss 2.7020912170410156
batch_i 106 loss 2.6387131214141846
batch_i 107 loss 2.567004680633545
batch_i 108 loss 2.6680586338043213
batch_i 109 loss 2.698294162750244
batch_i 110 loss 2.6332736015319824
batch_i 111 loss 2.6220526695251465
batch_i 112 loss 2.679091215133667
batch_i 113 loss 2.705364465713501
batch_i 114 loss 2.6800146102905273
batch_i 115 loss 2.5273473262786865
batch_i 116 loss 2.7333261966705322
batch_i 117 loss 2.680671215057373
batch_i 118 loss 2.6953461170196533
batch_i 119 loss 2.592989683151245
batch_i 120 loss 2.719050645828247
batch_i 121 loss 2.6398253440856934
batch_i 122 loss 2.578904390335083
batch_i 123 loss 2.712759256362915
batch_i 124 loss 2.628934144973755
batch_i 125 loss 2.6706385612487793
batch_i 126 loss 2.557326316833496
batch_i 127 loss 2.696493148803711
batch_i 128 loss 2.5880768299102783
batch_i 129 loss 2.606905698776245
batch_i 130 loss 2.586517095565796
batch_i 131 loss 2.662613868713379
batch_i 132 loss 2.5455071926116943
batch_i 133 loss 2.6058099269866943
batch_i 134 loss 2.5263020992279053
batch_i 135 loss 2.5260515213012695
batch_i 136 loss 2.5936007499694824
batch_i 137 loss 2.5263609886169434
batch_i 138 loss 2.511847972869873
batch_i 139 loss 2.641497850418091
batch_i 140 loss 2.6023452281951904
batch_i 141 loss 2.6052653789520264
batch_i 142 loss 2.6884868144989014
batch_i 143 loss 2.693441390991211
batch_i 144 loss 2.5843076705932617
batch_i 145 loss 2.63211989402771
batch_i 146 loss 2.625434398651123
batch_i 147 loss 2.593844413757324
batch_i 148 loss 2.6372880935668945
batch_i 149 loss 2.4783389568328857
batch_i 150 loss 2.485750436782837
batch_i 150 num_playouts 1000 win 9 lose 1 tie 0
batch_i 151 loss 2.52069354057312
batch_i 152 loss 2.4660027027130127
batch_i 153 loss 2.4574437141418457
batch_i 154 loss 2.500368118286133
batch_i 155 loss 2.4856276512145996
batch_i 156 loss 2.568967580795288
batch_i 157 loss 2.429964542388916
batch_i 158 loss 2.48901104927063
batch_i 159 loss 2.5127124786376953
batch_i 160 loss 2.5717341899871826
batch_i 161 loss 2.528860569000244
batch_i 162 loss 2.5047357082366943
batch_i 163 loss 2.500628709793091
batch_i 164 loss 2.548180341720581
batch_i 165 loss 2.4998700618743896
batch_i 166 loss 2.4739508628845215
batch_i 167 loss 2.5686051845550537
batch_i 168 loss 2.5674030780792236
batch_i 169 loss 2.4886627197265625
batch_i 170 loss 2.463942289352417
batch_i 171 loss 2.587977409362793
batch_i 172 loss 2.4352500438690186
batch_i 173 loss 2.465027332305908
batch_i 174 loss 2.466066837310791
batch_i 175 loss 2.4320569038391113
batch_i 176 loss 2.5413060188293457
batch_i 177 loss 2.421602249145508
batch_i 178 loss 2.4380836486816406
batch_i 179 loss 2.4123787879943848
batch_i 180 loss 2.5340662002563477
batch_i 181 loss 2.4027531147003174
batch_i 182 loss 2.437997341156006
batch_i 183 loss 2.3355212211608887
batch_i 184 loss 2.4857983589172363
batch_i 185 loss 2.4422268867492676
batch_i 186 loss 2.4813122749328613
batch_i 187 loss 2.447674036026001
batch_i 188 loss 2.4588468074798584
batch_i 189 loss 2.4396779537200928
batch_i 190 loss 2.350717782974243
batch_i 191 loss 2.4914700984954834
batch_i 192 loss 2.4444916248321533
batch_i 193 loss 2.3644022941589355
batch_i 194 loss 2.400336265563965
batch_i 195 loss 2.4469804763793945
batch_i 196 loss 2.334425449371338
batch_i 197 loss 2.34478497505188
batch_i 198 loss 2.4108808040618896
batch_i 199 loss 2.350170135498047
batch_i 200 loss 2.374549150466919
batch_i 200 num_playouts 1000 win 10 lose 0 tie 0
batch_i 201 loss 2.3555409908294678
batch_i 202 loss 2.3048911094665527
batch_i 203 loss 2.3513073921203613
batch_i 204 loss 2.317155599594116
batch_i 205 loss 2.3385958671569824
batch_i 206 loss 2.2870049476623535
batch_i 207 loss 2.371940851211548
batch_i 208 loss 2.2856199741363525
batch_i 209 loss 2.3588342666625977
batch_i 210 loss 2.240929126739502
batch_i 211 loss 2.2950572967529297
batch_i 212 loss 2.2928948402404785
batch_i 213 loss 2.3279874324798584
batch_i 214 loss 2.288447141647339
batch_i 215 loss 2.321336269378662
batch_i 216 loss 2.330251455307007
batch_i 217 loss 2.329859733581543
batch_i 218 loss 2.3768832683563232
batch_i 219 loss 2.300713062286377
batch_i 220 loss 2.3619143962860107
batch_i 221 loss 2.328169822692871
batch_i 222 loss 2.32183575630188
batch_i 223 loss 2.363278388977051
batch_i 224 loss 2.3610682487487793
batch_i 225 loss 2.250994920730591
batch_i 226 loss 2.2362959384918213
batch_i 227 loss 2.310288429260254
batch_i 228 loss 2.3507771492004395
batch_i 229 loss 2.3376426696777344
batch_i 230 loss 2.2742760181427
batch_i 231 loss 2.3083059787750244
batch_i 232 loss 2.2858335971832275
batch_i 233 loss 2.3307111263275146
batch_i 234 loss 2.371866464614868
batch_i 235 loss 2.28702974319458
batch_i 236 loss 2.2191576957702637
batch_i 237 loss 2.22337007522583
batch_i 238 loss 2.1691579818725586
batch_i 239 loss 2.2356679439544678
batch_i 240 loss 2.236846923828125
batch_i 241 loss 2.2159228324890137
batch_i 242 loss 2.310800552368164
batch_i 243 loss 2.2310094833374023
batch_i 244 loss 2.236359119415283
batch_i 245 loss 2.112539529800415
batch_i 246 loss 2.1856632232666016
batch_i 247 loss 2.1573243141174316
batch_i 248 loss 2.097414970397949
batch_i 249 loss 2.101140260696411
batch_i 250 loss 2.1669652462005615
batch_i 250 num_playouts 2000 win 9 lose 0 tie 1
batch_i 251 loss 2.357102870941162
batch_i 252 loss 2.153614044189453
batch_i 253 loss 2.234910488128662
batch_i 254 loss 2.293804168701172
batch_i 255 loss 2.2623095512390137
batch_i 256 loss 2.19459867477417
batch_i 257 loss 2.254028081893921
batch_i 258 loss 2.1487793922424316
batch_i 259 loss 2.1917335987091064
batch_i 260 loss 2.2372851371765137
batch_i 261 loss 2.0690431594848633
batch_i 262 loss 2.248220205307007
batch_i 263 loss 2.281085252761841
batch_i 264 loss 2.113929271697998
batch_i 265 loss 2.205057144165039
batch_i 266 loss 2.1869945526123047
batch_i 267 loss 2.1661362648010254
batch_i 268 loss 2.263596534729004
batch_i 269 loss 2.200430154800415
batch_i 270 loss 2.2404801845550537
batch_i 271 loss 2.2789270877838135
batch_i 272 loss 2.1472959518432617
batch_i 273 loss 2.1076974868774414
batch_i 274 loss 2.181169033050537
batch_i 275 loss 2.180635452270508
batch_i 276 loss 2.271554470062256
batch_i 277 loss 2.126178503036499
batch_i 278 loss 2.1730244159698486
batch_i 279 loss 2.168524980545044
batch_i 280 loss 2.196434497833252
batch_i 281 loss 2.2777047157287598
batch_i 282 loss 2.1643474102020264
batch_i 283 loss 2.138772964477539
batch_i 284 loss 2.236959457397461
batch_i 285 loss 2.1595492362976074
batch_i 286 loss 2.092397451400757
batch_i 287 loss 2.115560531616211
batch_i 288 loss 2.265493869781494
batch_i 289 loss 2.189424991607666
batch_i 290 loss 2.218248128890991
batch_i 291 loss 2.2019295692443848
batch_i 292 loss 2.2589924335479736
batch_i 293 loss 2.268007278442383
batch_i 294 loss 2.1420116424560547
batch_i 295 loss 2.1525115966796875
batch_i 296 loss 2.171780586242676
batch_i 297 loss 2.2835662364959717
batch_i 298 loss 2.0746827125549316
batch_i 299 loss 2.1622378826141357
batch_i 300 loss 2.2196173667907715
batch_i 300 num_playouts 2000 win 9 lose 1 tie 0
batch_i 301 loss 2.179687976837158
batch_i 302 loss 2.1325221061706543
batch_i 303 loss 2.1703531742095947
batch_i 304 loss 2.1264102458953857
batch_i 305 loss 2.2581939697265625
batch_i 306 loss 2.339843988418579
batch_i 307 loss 2.316263198852539
batch_i 308 loss 2.275582790374756
batch_i 309 loss 2.2785704135894775
batch_i 310 loss 2.3571572303771973
batch_i 311 loss 2.231034278869629
batch_i 312 loss 2.264718770980835
batch_i 313 loss 2.3459322452545166
batch_i 314 loss 2.3648667335510254
batch_i 315 loss 2.284785032272339
batch_i 316 loss 2.2311811447143555
batch_i 317 loss 2.2272984981536865
batch_i 318 loss 2.2920098304748535
batch_i 319 loss 2.2531168460845947
batch_i 320 loss 2.3197765350341797
batch_i 321 loss 2.295018196105957
batch_i 322 loss 2.2682225704193115
batch_i 323 loss 2.2854835987091064
batch_i 324 loss 2.330871820449829
batch_i 325 loss 2.2114977836608887
batch_i 326 loss 2.2223329544067383
batch_i 327 loss 2.280785083770752
batch_i 328 loss 2.3323814868927
batch_i 329 loss 2.17574143409729
batch_i 330 loss 2.2318472862243652
batch_i 331 loss 2.2528510093688965
batch_i 332 loss 2.2996630668640137
batch_i 333 loss 2.2776498794555664
batch_i 334 loss 2.36521053314209
batch_i 335 loss 2.264315128326416
batch_i 336 loss 2.3834304809570312
batch_i 337 loss 2.393368721008301
batch_i 338 loss 2.2713334560394287
batch_i 339 loss 2.2951152324676514
batch_i 340 loss 2.319002866744995
batch_i 341 loss 2.2774605751037598
batch_i 342 loss 2.2521555423736572
batch_i 343 loss 2.2582640647888184
batch_i 344 loss 2.3049204349517822
batch_i 345 loss 2.265038013458252
batch_i 346 loss 2.230017900466919
batch_i 347 loss 2.275791883468628
batch_i 348 loss 2.288827657699585
batch_i 349 loss 2.2898547649383545
batch_i 350 loss 2.2667553424835205
batch_i 350 num_playouts 2000 win 8 lose 2 tie 0
batch_i 351 loss 2.2640552520751953
batch_i 352 loss 2.2945456504821777
batch_i 353 loss 2.3044958114624023
batch_i 354 loss 2.319931745529175
batch_i 355 loss 2.261194944381714
batch_i 356 loss 2.163057327270508
batch_i 357 loss 2.226400375366211
batch_i 358 loss 2.3597192764282227
batch_i 359 loss 2.294532299041748
batch_i 360 loss 2.099475860595703
batch_i 361 loss 2.1804778575897217
batch_i 362 loss 2.2057623863220215
batch_i 363 loss 2.288642406463623
batch_i 364 loss 2.1863887310028076
batch_i 365 loss 2.19667387008667
batch_i 366 loss 2.2846198081970215
batch_i 367 loss 2.217437744140625
batch_i 368 loss 2.1084084510803223
batch_i 369 loss 2.1900322437286377
batch_i 370 loss 2.293382167816162
batch_i 371 loss 2.239863872528076
batch_i 372 loss 2.1238455772399902
batch_i 373 loss 2.2715234756469727
batch_i 374 loss 2.298781633377075
batch_i 375 loss 2.2721505165100098
batch_i 376 loss 2.250903606414795
batch_i 377 loss 2.2569398880004883
batch_i 378 loss 2.283679723739624
batch_i 379 loss 2.182600498199463
batch_i 380 loss 2.2801291942596436
batch_i 381 loss 2.1841557025909424
batch_i 382 loss 2.2426323890686035
batch_i 383 loss 2.2955899238586426
batch_i 384 loss 2.153735876083374
batch_i 385 loss 2.2508537769317627
batch_i 386 loss 2.2495954036712646
batch_i 387 loss 2.2032437324523926
batch_i 388 loss 2.186830997467041
batch_i 389 loss 2.145286798477173
batch_i 390 loss 2.2359561920166016
batch_i 391 loss 2.3226027488708496
batch_i 392 loss 2.2661614418029785
batch_i 393 loss 2.3520476818084717
batch_i 394 loss 2.275033712387085
batch_i 395 loss 2.1941585540771484
batch_i 396 loss 2.237013101577759
batch_i 397 loss 2.2003705501556396
batch_i 398 loss 2.234924793243408
batch_i 399 loss 2.225538492202759
batch_i 400 loss 2.1481924057006836
batch_i 400 num_playouts 2000 win 9 lose 1 tie 0
batch_i 401 loss 2.186138868331909
batch_i 402 loss 2.266327142715454
batch_i 403 loss 2.148592948913574
batch_i 404 loss 2.148573160171509
batch_i 405 loss 2.1865882873535156
batch_i 406 loss 2.203810691833496
batch_i 407 loss 2.128844976425171
batch_i 408 loss 2.1362709999084473
batch_i 409 loss 2.2112374305725098
batch_i 410 loss 2.2344284057617188
batch_i 411 loss 2.257777214050293
batch_i 412 loss 2.2604763507843018
batch_i 413 loss 2.204817056655884
batch_i 414 loss 2.150838613510132
batch_i 415 loss 2.197572708129883
batch_i 416 loss 2.2579216957092285
batch_i 417 loss 2.1402101516723633
batch_i 418 loss 2.2407162189483643
batch_i 419 loss 2.1485843658447266
batch_i 420 loss 2.1872670650482178
batch_i 421 loss 2.203423261642456
batch_i 422 loss 2.159952163696289
batch_i 423 loss 2.177985906600952
batch_i 424 loss 2.05397367477417
batch_i 425 loss 2.199471950531006
batch_i 426 loss 2.118509292602539
batch_i 427 loss 2.2102341651916504
batch_i 428 loss 2.1670680046081543
batch_i 429 loss 2.1621971130371094
batch_i 430 loss 2.184701919555664
batch_i 431 loss 2.1083693504333496
batch_i 432 loss 2.206296920776367
batch_i 433 loss 2.161771059036255
batch_i 434 loss 2.2935523986816406
batch_i 435 loss 2.279499053955078
batch_i 436 loss 2.306169271469116
batch_i 437 loss 2.3570573329925537
batch_i 438 loss 2.321263074874878
batch_i 439 loss 2.1976101398468018
batch_i 440 loss 2.1995511054992676
batch_i 441 loss 2.2617602348327637
batch_i 442 loss 2.3599700927734375
batch_i 443 loss 2.25703501701355
batch_i 444 loss 2.2386014461517334
batch_i 445 loss 2.1470277309417725
batch_i 446 loss 2.1494522094726562
batch_i 447 loss 2.273900270462036
batch_i 448 loss 2.2425637245178223
batch_i 449 loss 2.270977020263672
batch_i 450 loss 2.2031304836273193
batch_i 450 num_playouts 2000 win 6 lose 3 tie 1
batch_i 451 loss 2.3481311798095703
batch_i 452 loss 2.2312822341918945
batch_i 453 loss 2.272592306137085
batch_i 454 loss 2.278261423110962
batch_i 455 loss 2.273505210876465
batch_i 456 loss 2.403088331222534
batch_i 457 loss 2.2015812397003174
batch_i 458 loss 2.0902457237243652
batch_i 459 loss 2.275386333465576
batch_i 460 loss 2.292184591293335
batch_i 461 loss 2.2422382831573486
batch_i 462 loss 2.193220376968384
batch_i 463 loss 2.240978240966797
batch_i 464 loss 2.2291133403778076
batch_i 465 loss 2.1283679008483887
batch_i 466 loss 2.1827869415283203
batch_i 467 loss 2.213573932647705
batch_i 468 loss 2.1664695739746094
batch_i 469 loss 2.1921398639678955
batch_i 470 loss 2.115694284439087
batch_i 471 loss 2.245389699935913
batch_i 472 loss 2.161179780960083
batch_i 473 loss 2.1172475814819336
batch_i 474 loss 2.184743881225586
batch_i 475 loss 2.2097907066345215
batch_i 476 loss 2.1367366313934326
batch_i 477 loss 2.1876399517059326
batch_i 478 loss 2.2060606479644775
batch_i 479 loss 2.2487125396728516
batch_i 480 loss 2.172962188720703
batch_i 481 loss 2.300593376159668
batch_i 482 loss 2.2553672790527344
batch_i 483 loss 2.1959898471832275
batch_i 484 loss 2.3211147785186768
batch_i 485 loss 2.3223514556884766
batch_i 486 loss 2.096404790878296
batch_i 487 loss 2.0870041847229004
batch_i 488 loss 2.196463108062744
batch_i 489 loss 2.127709150314331
batch_i 490 loss 2.2273104190826416
batch_i 491 loss 2.2644197940826416
batch_i 492 loss 2.329454183578491
batch_i 493 loss 2.2395553588867188
batch_i 494 loss 2.2583909034729004
batch_i 495 loss 2.3051860332489014
batch_i 496 loss 2.266353130340576
batch_i 497 loss 2.2722716331481934
batch_i 498 loss 2.3589508533477783
batch_i 499 loss 2.3408660888671875
batch_i 500 loss 2.327554225921631
batch_i 500 num_playouts 2000 win 10 lose 0 tie 0
batch_i 501 loss 2.3606953620910645
batch_i 502 loss 2.3071062564849854
batch_i 503 loss 2.276319742202759
batch_i 504 loss 2.239392042160034
batch_i 505 loss 2.2111191749572754
batch_i 506 loss 2.2907235622406006
batch_i 507 loss 2.1600735187530518
batch_i 508 loss 2.2373647689819336
batch_i 509 loss 2.3275539875030518
batch_i 510 loss 2.2965970039367676
batch_i 511 loss 2.2671098709106445
batch_i 512 loss 2.3288259506225586
batch_i 513 loss 2.448728561401367
batch_i 514 loss 2.2523441314697266
batch_i 515 loss 2.352656602859497
batch_i 516 loss 2.2867431640625
batch_i 517 loss 2.228402614593506
batch_i 518 loss 2.156041383743286
batch_i 519 loss 2.216747283935547
batch_i 520 loss 2.192369222640991
batch_i 521 loss 2.1654696464538574
batch_i 522 loss 2.2574644088745117
batch_i 523 loss 2.264951705932617
batch_i 524 loss 2.150705099105835
batch_i 525 loss 2.2849502563476562
batch_i 526 loss 2.276829957962036
batch_i 527 loss 2.1752536296844482
batch_i 528 loss 2.1266090869903564
batch_i 529 loss 2.218426465988159
batch_i 530 loss 2.2175650596618652
batch_i 531 loss 2.212677001953125
batch_i 532 loss 2.225606679916382
batch_i 533 loss 2.2124369144439697
batch_i 534 loss 2.294872999191284
batch_i 535 loss 2.1748123168945312
batch_i 536 loss 2.1980371475219727
batch_i 537 loss 2.2558298110961914
batch_i 538 loss 2.27061128616333
batch_i 539 loss 2.263962984085083
batch_i 540 loss 2.225785732269287
batch_i 541 loss 2.285341262817383
batch_i 542 loss 2.1949522495269775
batch_i 543 loss 2.2236311435699463
batch_i 544 loss 2.2681565284729004
batch_i 545 loss 2.200699806213379
batch_i 546 loss 2.2700328826904297
batch_i 547 loss 2.3311619758605957
batch_i 548 loss 2.3483991622924805
batch_i 549 loss 2.201401710510254
batch_i 550 loss 2.2477810382843018
batch_i 550 num_playouts 3000 win 9 lose 1 tie 0
batch_i 551 loss 2.2011454105377197
batch_i 552 loss 2.3602824211120605
batch_i 553 loss 2.22953200340271
batch_i 554 loss 2.364565134048462
batch_i 555 loss 2.231062173843384
batch_i 556 loss 2.1804447174072266
batch_i 557 loss 2.172635793685913
batch_i 558 loss 2.2453975677490234
batch_i 559 loss 2.0975770950317383
batch_i 560 loss 2.126649856567383
batch_i 561 loss 2.1970467567443848
batch_i 562 loss 2.219393491744995
batch_i 563 loss 2.1749653816223145
batch_i 564 loss 2.145653009414673
batch_i 565 loss 2.254143714904785
batch_i 566 loss 2.075077772140503
batch_i 567 loss 2.2016584873199463
batch_i 568 loss 2.114802837371826
batch_i 569 loss 2.2619218826293945
batch_i 570 loss 2.2473371028900146
batch_i 571 loss 2.2811806201934814
batch_i 572 loss 2.306056499481201
batch_i 573 loss 2.192412853240967
batch_i 574 loss 2.2306954860687256
batch_i 575 loss 2.2190022468566895
batch_i 576 loss 2.2765512466430664
batch_i 577 loss 2.246025562286377
batch_i 578 loss 2.199458599090576
batch_i 579 loss 2.126516342163086
batch_i 580 loss 2.1913509368896484
batch_i 581 loss 2.2176144123077393
batch_i 582 loss 2.396819829940796
batch_i 583 loss 2.23689866065979
batch_i 584 loss 2.204359531402588
batch_i 585 loss 2.208059787750244
batch_i 586 loss 2.22544002532959
batch_i 587 loss 2.3311386108398438
batch_i 588 loss 2.2272286415100098
batch_i 589 loss 2.163449287414551
batch_i 590 loss 2.181253433227539
batch_i 591 loss 2.3570566177368164
batch_i 592 loss 2.4054293632507324
batch_i 593 loss 2.3125243186950684
batch_i 594 loss 2.398204803466797
batch_i 595 loss 2.3776752948760986
batch_i 596 loss 2.4064486026763916
batch_i 597 loss 2.267834186553955
batch_i 598 loss 2.296027183532715
batch_i 599 loss 2.3151185512542725
batch_i 600 loss 2.361604690551758
batch_i 600 num_playouts 3000 win 5 lose 5 tie 0
batch_i 601 loss 2.363537073135376
batch_i 602 loss 2.2883405685424805
batch_i 603 loss 2.2948760986328125
batch_i 604 loss 2.315194845199585
batch_i 605 loss 2.322916030883789
batch_i 606 loss 2.312347173690796
batch_i 607 loss 2.3847153186798096
batch_i 608 loss 2.2781715393066406
batch_i 609 loss 2.3347465991973877
batch_i 610 loss 2.2590889930725098
batch_i 611 loss 2.2610414028167725
batch_i 612 loss 2.355459451675415
batch_i 613 loss 2.294273614883423
batch_i 614 loss 2.3434083461761475
batch_i 615 loss 2.1533167362213135
batch_i 616 loss 2.1590771675109863
batch_i 617 loss 2.342618465423584
batch_i 618 loss 2.3355836868286133
batch_i 619 loss 2.2427546977996826
batch_i 620 loss 2.2375295162200928
batch_i 621 loss 2.32627272605896
batch_i 622 loss 2.2536914348602295
batch_i 623 loss 2.291755199432373
batch_i 624 loss 2.399890422821045
batch_i 625 loss 2.3471250534057617
batch_i 626 loss 2.280616283416748
batch_i 627 loss 2.3468103408813477
batch_i 628 loss 2.3323824405670166
batch_i 629 loss 2.276352882385254
batch_i 630 loss 2.2868916988372803
batch_i 631 loss 2.236196994781494
batch_i 632 loss 2.2356605529785156
batch_i 633 loss 2.1807706356048584
batch_i 634 loss 2.2068920135498047
batch_i 635 loss 2.170104742050171
batch_i 636 loss 2.303445816040039
batch_i 637 loss 2.276921272277832
batch_i 638 loss 2.306828260421753
batch_i 639 loss 2.2032854557037354
batch_i 640 loss 2.1788675785064697
batch_i 641 loss 2.1813507080078125
batch_i 642 loss 2.2345633506774902
batch_i 643 loss 2.2247188091278076
batch_i 644 loss 2.250823497772217
batch_i 645 loss 2.2140796184539795
batch_i 646 loss 2.2709553241729736
batch_i 647 loss 2.327282428741455
batch_i 648 loss 2.351435422897339
batch_i 649 loss 2.3022186756134033
batch_i 650 loss 2.400747060775757
batch_i 650 num_playouts 3000 win 7 lose 3 tie 0
batch_i 651 loss 2.3456056118011475
batch_i 652 loss 2.3234663009643555
batch_i 653 loss 2.4020020961761475
batch_i 654 loss 2.2722513675689697
batch_i 655 loss 2.1778554916381836
batch_i 656 loss 2.244943141937256
batch_i 657 loss 2.3122398853302
batch_i 658 loss 2.301389694213867
batch_i 659 loss 2.3191654682159424
batch_i 660 loss 2.3442633152008057
batch_i 661 loss 2.370396375656128
batch_i 662 loss 2.3349907398223877
batch_i 663 loss 2.2976832389831543
batch_i 664 loss 2.363053798675537
batch_i 665 loss 2.320815324783325
batch_i 666 loss 2.2898807525634766
batch_i 667 loss 2.3447117805480957
batch_i 668 loss 2.3139376640319824
batch_i 669 loss 2.4034245014190674
batch_i 670 loss 2.3745675086975098
batch_i 671 loss 2.2544305324554443
batch_i 672 loss 2.2759804725646973
batch_i 673 loss 2.2859888076782227
batch_i 674 loss 2.257915735244751
batch_i 675 loss 2.200530529022217
batch_i 676 loss 2.355314016342163
batch_i 677 loss 2.4022393226623535
batch_i 678 loss 2.3420352935791016
batch_i 679 loss 2.3638834953308105
batch_i 680 loss 2.287440538406372
batch_i 681 loss 2.3687167167663574
batch_i 682 loss 2.313812255859375
batch_i 683 loss 2.3014731407165527
batch_i 684 loss 2.4191362857818604
batch_i 685 loss 2.2855567932128906
batch_i 686 loss 2.303374767303467
batch_i 687 loss 2.3728294372558594
batch_i 688 loss 2.334970712661743
batch_i 689 loss 2.398372173309326
batch_i 690 loss 2.2719461917877197
batch_i 691 loss 2.3049323558807373
batch_i 692 loss 2.249166488647461
batch_i 693 loss 2.2433323860168457
batch_i 694 loss 2.2710678577423096
batch_i 695 loss 2.1320431232452393
batch_i 696 loss 2.255250930786133
batch_i 697 loss 2.2353923320770264
batch_i 698 loss 2.185018539428711
batch_i 699 loss 2.2748372554779053
batch_i 700 loss 2.3444693088531494
batch_i 700 num_playouts 3000 win 9 lose 1 tie 0
batch_i 701 loss 2.3291215896606445
batch_i 702 loss 2.212954521179199
batch_i 703 loss 2.3066985607147217
batch_i 704 loss 2.3418452739715576
batch_i 705 loss 2.2287850379943848
batch_i 706 loss 2.2914135456085205
batch_i 707 loss 2.3683817386627197
batch_i 708 loss 2.3417749404907227
batch_i 709 loss 2.2135798931121826
batch_i 710 loss 2.208554744720459
batch_i 711 loss 2.19580078125
batch_i 712 loss 2.1803112030029297
batch_i 713 loss 2.269562244415283
batch_i 714 loss 2.31919002532959
batch_i 715 loss 2.2516028881073
batch_i 716 loss 2.254817008972168
batch_i 717 loss 2.4098544120788574
batch_i 718 loss 2.2193567752838135
batch_i 719 loss 2.286564588546753
batch_i 720 loss 2.2363362312316895
batch_i 721 loss 2.2953076362609863
batch_i 722 loss 2.207364559173584
batch_i 723 loss 2.1918582916259766
batch_i 724 loss 2.257589817047119
batch_i 725 loss 2.253570556640625
batch_i 726 loss 2.3120508193969727
batch_i 727 loss 2.251772403717041
batch_i 728 loss 2.2920870780944824
batch_i 729 loss 2.3237035274505615
batch_i 730 loss 2.2904930114746094
batch_i 731 loss 2.2575466632843018
batch_i 732 loss 2.194049835205078
batch_i 733 loss 2.339590549468994
batch_i 734 loss 2.219212293624878
batch_i 735 loss 2.277228593826294
batch_i 736 loss 2.181377410888672
batch_i 737 loss 2.31691575050354
batch_i 738 loss 2.192662239074707
batch_i 739 loss 2.251262903213501
batch_i 740 loss 2.295872211456299
batch_i 741 loss 2.221468687057495
batch_i 742 loss 2.2743208408355713
batch_i 743 loss 2.3231115341186523
batch_i 744 loss 2.265364408493042
batch_i 745 loss 2.2275595664978027
batch_i 746 loss 2.2912373542785645
batch_i 747 loss 2.3551251888275146
batch_i 748 loss 2.2582221031188965
batch_i 749 loss 2.295276165008545
batch_i 750 loss 2.296048164367676
batch_i 750 num_playouts 3000 win 6 lose 2 tie 2
batch_i 751 loss 2.274761915206909
batch_i 752 loss 2.204376220703125
batch_i 753 loss 2.2278099060058594
batch_i 754 loss 2.3363022804260254
batch_i 755 loss 2.310579776763916
batch_i 756 loss 2.226550579071045
batch_i 757 loss 2.279788017272949
batch_i 758 loss 2.330348491668701
batch_i 759 loss 2.21976637840271
batch_i 760 loss 2.244394540786743
batch_i 761 loss 2.2034363746643066
batch_i 762 loss 2.223902940750122
batch_i 763 loss 2.306905508041382
batch_i 764 loss 2.238985061645508
batch_i 765 loss 2.2431979179382324
batch_i 766 loss 2.289614677429199
batch_i 767 loss 2.3324782848358154
batch_i 768 loss 2.24947190284729
batch_i 769 loss 2.2704787254333496
batch_i 770 loss 2.0808749198913574
batch_i 771 loss 2.2238194942474365
batch_i 772 loss 2.198507308959961
batch_i 773 loss 2.1986963748931885
batch_i 774 loss 2.235621690750122
batch_i 775 loss 2.3016152381896973
batch_i 776 loss 2.1434876918792725
batch_i 777 loss 2.2030704021453857
batch_i 778 loss 2.1604933738708496
batch_i 779 loss 2.1910674571990967
batch_i 780 loss 2.2624623775482178
batch_i 781 loss 2.1875362396240234
batch_i 782 loss 2.171370267868042
batch_i 783 loss 2.1596009731292725
batch_i 784 loss 2.169379472732544
batch_i 785 loss 2.1352338790893555
batch_i 786 loss 2.183134078979492
batch_i 787 loss 2.1130306720733643
batch_i 788 loss 2.0379273891448975
batch_i 789 loss 2.115402936935425
batch_i 790 loss 2.237884998321533
batch_i 791 loss 2.263688087463379
batch_i 792 loss 2.181736946105957
batch_i 793 loss 2.1387500762939453
batch_i 794 loss 2.1178905963897705
batch_i 795 loss 2.1551101207733154
batch_i 796 loss 2.2296247482299805
batch_i 797 loss 2.2081594467163086
batch_i 798 loss 2.159686326980591
batch_i 799 loss 2.17128849029541
batch_i 800 loss 2.205958127975464
batch_i 800 num_playouts 3000 win 9 lose 1 tie 0
